e:\myproject\2dscrollinggame\build\x64\release\vc143.pdb
e:\myproject\2dscrollinggame\build\x64\release\animationcomponent.obj
e:\myproject\2dscrollinggame\build\x64\release\statecomponent.obj
e:\myproject\2dscrollinggame\build\x64\release\decisionlogicalcomponent.obj
e:\myproject\2dscrollinggame\build\x64\release\component.obj
e:\myproject\2dscrollinggame\build\x64\release\appletransformcomponent.obj
e:\myproject\2dscrollinggame\build\x64\release\appletilemapsensorcomponent.obj
e:\myproject\2dscrollinggame\build\x64\release\applephysicscomponent.obj
e:\myproject\2dscrollinggame\build\x64\release\applemovementcomponent.obj
e:\myproject\2dscrollinggame\build\x64\release\applecollisioncomponent.obj
e:\myproject\2dscrollinggame\build\x64\release\appleanimationcomponent.obj
e:\myproject\2dscrollinggame\build\x64\release\tilemap.obj
e:\myproject\2dscrollinggame\build\x64\release\stagedatamst.obj
e:\myproject\2dscrollinggame\build\x64\release\main.obj
e:\myproject\2dscrollinggame\build\x64\release\gameplaydata.obj
e:\myproject\2dscrollinggame\build\x64\release\slime.obj
e:\myproject\2dscrollinggame\build\x64\release\skull.obj
e:\myproject\2dscrollinggame\build\x64\release\onibi.obj
e:\myproject\2dscrollinggame\build\x64\release\ghost.obj
e:\myproject\2dscrollinggame\build\x64\release\enemy.obj
e:\myproject\2dscrollinggame\build\x64\release\startgamevectorysemmsg.obj
e:\myproject\2dscrollinggame\build\x64\release\goalcollisioncomponent.obj
e:\myproject\2dscrollinggame\build\x64\release\goalanimationcomponent.obj
e:\myproject\2dscrollinggame\build\x64\release\doortransformcomponent.obj
e:\myproject\2dscrollinggame\build\x64\release\doorcollisioncomponent.obj
e:\myproject\2dscrollinggame\build\x64\release\dooranimationcomponent.obj
e:\myproject\2dscrollinggame\build\x64\release\tilemapsensorcomponent.obj
e:\myproject\2dscrollinggame\build\x64\release\sensorlogicalcomponent.obj
e:\myproject\2dscrollinggame\build\x64\release\groundsensorcomponent.obj
e:\myproject\2dscrollinggame\build\x64\release\collisioncomponent.obj
e:\myproject\2dscrollinggame\build\x64\release\ceilingsensorcomponent.obj
e:\myproject\2dscrollinggame\build\x64\release\inputlogicalcomponent.obj
e:\myproject\2dscrollinggame\build\x64\release\inputcomponent.obj
e:\myproject\2dscrollinggame\build\x64\release\transformcomponent.obj
e:\myproject\2dscrollinggame\build\x64\release\soundcomponent.obj
e:\myproject\2dscrollinggame\build\x64\release\physicscomponent.obj
e:\myproject\2dscrollinggame\build\x64\release\movementcomponent.obj
e:\myproject\2dscrollinggame\build\x64\release\healthcomponent.obj
e:\myproject\2dscrollinggame\build\x64\release\executorcomponent.obj
e:\myproject\2dscrollinggame\build\x64\release\equipmentcomponent.obj
e:\myproject\2dscrollinggame\build\x64\release\combatstatuscomponent.obj
e:\myproject\2dscrollinggame\build\x64\release\katanacollisioncomponent.obj
e:\myproject\2dscrollinggame\build\x64\release\katanatransformcomponent.obj
e:\myproject\2dscrollinggame\build\x64\release\katanasoundcomponent.obj
e:\myproject\2dscrollinggame\build\x64\release\katanaanimationcomponent.obj
e:\myproject\2dscrollinggame\build\x64\release\ironspiketransformcomponent.obj
e:\myproject\2dscrollinggame\build\x64\release\ironspikecollisioncomponent.obj
e:\myproject\2dscrollinggame\build\x64\release\ironspikeanimationcomponent.obj
e:\myproject\2dscrollinggame\build\x64\release\droppedswordtransformcomponent.obj
e:\myproject\2dscrollinggame\build\x64\release\droppedswordtilemapsensorcomponent.obj
e:\myproject\2dscrollinggame\build\x64\release\droppedswordphysicscomponent.obj
e:\myproject\2dscrollinggame\build\x64\release\droppedswordmovementcomponent.obj
e:\myproject\2dscrollinggame\build\x64\release\droppedswordcollisioncomponent.obj
e:\myproject\2dscrollinggame\build\x64\release\droppedswordanimationcomponent.obj
e:\myproject\2dscrollinggame\build\x64\release\droppedkatanatransformcomponent.obj
e:\myproject\2dscrollinggame\build\x64\release\droppedkatanatilemapsensorcomponent.obj
e:\myproject\2dscrollinggame\build\x64\release\droppedkatanaphysicscomponent.obj
e:\myproject\2dscrollinggame\build\x64\release\droppedkatanamovementcomponent.obj
e:\myproject\2dscrollinggame\build\x64\release\droppedkatanacollisioncomponent.obj
e:\myproject\2dscrollinggame\build\x64\release\droppedkatanaanimationcomponent.obj
e:\myproject\2dscrollinggame\build\x64\release\goaltransformcomponent.obj
e:\myproject\2dscrollinggame\build\x64\release\droppedobjectpool.obj
e:\myproject\2dscrollinggame\build\x64\release\droppedobjectmng.obj
e:\myproject\2dscrollinggame\build\x64\release\swordcollisioncomponent.obj
e:\myproject\2dscrollinggame\build\x64\release\swordtransformcomponent.obj
e:\myproject\2dscrollinggame\build\x64\release\swordsoundcomponent.obj
e:\myproject\2dscrollinggame\build\x64\release\swordanimationcomponent.obj
e:\myproject\2dscrollinggame\build\x64\release\playertilemapsensorcomponent.obj
e:\myproject\2dscrollinggame\build\x64\release\playergroundsensorcomponent.obj
e:\myproject\2dscrollinggame\build\x64\release\playercollisioncomponent.obj
e:\myproject\2dscrollinggame\build\x64\release\playerceilingsensorcomponent.obj
e:\myproject\2dscrollinggame\build\x64\release\playerinputcomponent.obj
e:\myproject\2dscrollinggame\build\x64\release\playertransformcomponent.obj
e:\myproject\2dscrollinggame\build\x64\release\playersoundcomponent.obj
e:\myproject\2dscrollinggame\build\x64\release\playerphysicscomponent.obj
e:\myproject\2dscrollinggame\build\x64\release\playermovementcomponent.obj
e:\myproject\2dscrollinggame\build\x64\release\playerhealthcomponent.obj
e:\myproject\2dscrollinggame\build\x64\release\playerequipmentcomponent.obj
e:\myproject\2dscrollinggame\build\x64\release\playercombatstatuscomponent.obj
e:\myproject\2dscrollinggame\build\x64\release\playeranimationcomponent.obj
e:\myproject\2dscrollinggame\build\x64\release\playerstatecomponent.obj
e:\myproject\2dscrollinggame\build\x64\release\enddashsemmsg.obj
e:\myproject\2dscrollinggame\build\x64\release\startdropweaponsemmsg.obj
e:\myproject\2dscrollinggame\build\x64\release\message.obj
e:\myproject\2dscrollinggame\build\x64\release\switchweaponinputmsg.obj
e:\myproject\2dscrollinggame\build\x64\release\releasejumpinputmsg.obj
e:\myproject\2dscrollinggame\build\x64\release\jumpinputmsg.obj
e:\myproject\2dscrollinggame\build\x64\release\interactinputmsg.obj
e:\myproject\2dscrollinggame\build\x64\release\horiaxisinputmsg.obj
e:\myproject\2dscrollinggame\build\x64\release\dropweaponinput.obj
e:\myproject\2dscrollinggame\build\x64\release\dashinputmsg.obj
e:\myproject\2dscrollinggame\build\x64\release\attackinputmsg.obj
e:\myproject\2dscrollinggame\build\x64\release\swordanimationkeyframemsg.obj
e:\myproject\2dscrollinggame\build\x64\release\swordanimationcompletedmsg.obj
e:\myproject\2dscrollinggame\build\x64\release\swordanimationbeginmsg.obj
e:\myproject\2dscrollinggame\build\x64\release\katanaanimationkeyframemsg.obj
e:\myproject\2dscrollinggame\build\x64\release\katanaanimationcompletedmsg.obj
e:\myproject\2dscrollinggame\build\x64\release\katanaanimationbeginmsg.obj
e:\myproject\2dscrollinggame\build\x64\release\messagebus.obj
e:\myproject\2dscrollinggame\build\x64\release\enemypool.obj
e:\myproject\2dscrollinggame\build\x64\release\enemymng.obj
e:\myproject\2dscrollinggame\build\x64\release\detachableobject.obj
e:\myproject\2dscrollinggame\build\x64\release\characterobject.obj
e:\myproject\2dscrollinggame\build\x64\release\gamemath.obj
e:\myproject\2dscrollinggame\build\x64\release\messenger.obj
e:\myproject\2dscrollinggame\build\x64\release\setisdeadconditionmsg.obj
e:\myproject\2dscrollinggame\build\x64\release\setisdamagedconditionmsg.obj
e:\myproject\2dscrollinggame\build\x64\release\setisclearconditionmsg.obj
e:\myproject\2dscrollinggame\build\x64\release\enteridlestatemsg.obj
e:\myproject\2dscrollinggame\build\x64\release\stopjumpsemmsg.obj
e:\myproject\2dscrollinggame\build\x64\release\startswitchweaponsemmsg.obj
e:\myproject\2dscrollinggame\build\x64\release\startstageclearsemmsg.obj
e:\myproject\2dscrollinggame\build\x64\release\startmovesemmsg.obj
e:\myproject\2dscrollinggame\build\x64\release\startknockbacksemmsg.obj
e:\myproject\2dscrollinggame\build\x64\release\startjumpsemmsg.obj
e:\myproject\2dscrollinggame\build\x64\release\startinteractsemmsg.obj
e:\myproject\2dscrollinggame\build\x64\release\startidlesemmsg.obj
e:\myproject\2dscrollinggame\build\x64\release\starthurtsemmsg.obj
e:\myproject\2dscrollinggame\build\x64\release\startdashsemmsg.obj
e:\myproject\2dscrollinggame\build\x64\release\startattacksemmsg.obj
e:\myproject\2dscrollinggame\build\x64\release\endknockbacksemmsg.obj
e:\myproject\2dscrollinggame\build\x64\release\sceneingame.obj
e:\myproject\2dscrollinggame\build\x64\release\scenegameover.obj
e:\myproject\2dscrollinggame\build\x64\release\scenegameclear.obj
e:\myproject\2dscrollinggame\build\x64\release\scene.obj
e:\myproject\2dscrollinggame\build\x64\release\scenemng.obj
e:\myproject\2dscrollinggame\build\x64\release\player.obj
e:\myproject\2dscrollinggame\build\x64\release\frameworkphysicsinputadapter.obj
e:\myproject\2dscrollinggame\build\x64\release\ironspike.obj
e:\myproject\2dscrollinggame\build\x64\release\goal.obj
e:\myproject\2dscrollinggame\build\x64\release\door.obj
e:\myproject\2dscrollinggame\build\x64\release\staticobject.obj
e:\myproject\2dscrollinggame\build\x64\release\gameobject.obj
e:\myproject\2dscrollinggame\build\x64\release\weapon.obj
e:\myproject\2dscrollinggame\build\x64\release\sword.obj
e:\myproject\2dscrollinggame\build\x64\release\katana.obj
e:\myproject\2dscrollinggame\build\x64\release\equipment.obj
e:\myproject\2dscrollinggame\build\x64\release\droppedsword.obj
e:\myproject\2dscrollinggame\build\x64\release\droppedobject.obj
e:\myproject\2dscrollinggame\build\x64\release\droppedkatana.obj
e:\myproject\2dscrollinggame\build\x64\release\apple.obj
e:\myproject\2dscrollinggame\build\x64\release\playerairstate.obj
e:\myproject\2dscrollinggame\build\x64\release\playeridlestate.obj
e:\myproject\2dscrollinggame\build\x64\release\playerdeadstate.obj
e:\myproject\2dscrollinggame\build\x64\release\playerdashstate.obj
e:\myproject\2dscrollinggame\build\x64\release\playerdamagedstate.obj
e:\myproject\2dscrollinggame\build\x64\release\playerattackstate.obj
e:\myproject\2dscrollinggame\build\x64\release\statemachine.obj
e:\myproject\2dscrollinggame\build\x64\release\innerstatemachine.obj
e:\myproject\2dscrollinggame\build\x64\release\orcondition.obj
e:\myproject\2dscrollinggame\build\x64\release\operatorcondition.obj
e:\myproject\2dscrollinggame\build\x64\release\notcondition.obj
e:\myproject\2dscrollinggame\build\x64\release\leafcondition.obj
e:\myproject\2dscrollinggame\build\x64\release\intcondition.obj
e:\myproject\2dscrollinggame\build\x64\release\floatcondition.obj
e:\myproject\2dscrollinggame\build\x64\release\boolcondition.obj
e:\myproject\2dscrollinggame\build\x64\release\compositecondition.obj
e:\myproject\2dscrollinggame\build\x64\release\andcondition.obj
e:\myproject\2dscrollinggame\build\x64\release\linesensor.obj
e:\myproject\2dscrollinggame\build\x64\release\scenetitle.obj
e:\myproject\2dscrollinggame\build\x64\release\sceneintroduction.obj
e:\myproject\2dscrollinggame\build\x64\release\world.obj
e:\myproject\2dscrollinggame\build\x64\release\uimng.obj
e:\myproject\2dscrollinggame\build\x64\release\uielement.obj
e:\myproject\2dscrollinggame\build\x64\release\hpgauge2.obj
e:\myproject\2dscrollinggame\build\x64\release\hpgauge.obj
e:\myproject\2dscrollinggame\build\x64\release\timer.obj
e:\myproject\2dscrollinggame\build\x64\release\staticobjectpool.obj
e:\myproject\2dscrollinggame\build\x64\release\staticobjectmng.obj
e:\myproject\2dscrollinggame\build\x64\release\transition.obj
e:\myproject\2dscrollinggame\build\x64\release\state.obj
e:\myproject\2dscrollinggame\build\x64\release\playerstate.obj
e:\myproject\2dscrollinggame\build\x64\release\playerstageclearstate.obj
e:\myproject\2dscrollinggame\build\x64\release\playermovingstate.obj
e:\myproject\2dscrollinggame\build\x64\release\playermotionstate.obj
e:\myproject\2dscrollinggame\build\x64\release\game.tlog\cl.command.1.tlog
e:\myproject\2dscrollinggame\build\x64\release\game.tlog\cl.read.1.tlog
e:\myproject\2dscrollinggame\build\x64\release\game.tlog\cl.write.1.tlog
e:\myproject\2dscrollinggame\build\x64\release\game.tlog\link.command.1.tlog
e:\myproject\2dscrollinggame\build\x64\release\game.tlog\link.read.1.tlog
e:\myproject\2dscrollinggame\build\x64\release\game.tlog\link.write.1.tlog
