  compilation object save succeeded; see E:\MyProject\2dScrollingGame\Framework\bin\x64\Debug\PS_NoTex_NoLit.cso
  compilation object save succeeded; see E:\MyProject\2dScrollingGame\Framework\bin\x64\Debug\PS_Tex_NoLit.cso
  compilation object save succeeded; see E:\MyProject\2dScrollingGame\Framework\bin\x64\Debug\VS_Default.cso
  Animation.cpp
  Asset.cpp
  AssetManager.cpp
  AssetModel.cpp
  AssetMP3.cpp
  AssetText.cpp
  AssetTexture.cpp
  AssetWave.cpp
  MP3Sound.cpp
  SoundSource.cpp
  WaveSound.cpp
  Collider.cpp
  CollisionManager.cpp
  CollisionShape.cpp
  CSVData.cpp
  DataUtil.cpp
  KeyValueData.cpp
  DebugLog.cpp
  CSVFile.cpp
  KeyValueFile.cpp
  正在生成代码...
  正在编译...
  TextFile.cpp
  Framework.cpp
  Camera.cpp
  Font.cpp
  IDrawable.cpp
  LineSegments.cpp
  RenderManager.cpp
  RenderObject.cpp
  Sprite.cpp
  SpriteFont.cpp
  Texture.cpp
  Shape.cpp
  FPSMeasure.cpp
  Time.cpp
  Audio.cpp
  SourceVoice.cpp
  CommandList.cpp
  CommandQueue.cpp
  ConstantBuffer.cpp
  DepthTarget.cpp
  正在生成代码...
  正在编译...
  DescriptorHeap.cpp
  Fence.cpp
  Graphics.cpp
  IndexBuffer.cpp
  Material.cpp
  MeshIB.cpp
  PipelineState.cpp
  RenderTarget.cpp
  ResMesh.cpp
  ResShader.cpp
  RootSignature.cpp
  TextureSRV.cpp
  VertexBuffer.cpp
  Vector.cpp
  Gamepad.cpp
  Input.cpp
  Window.cpp
  FileUtil.cpp
  Log.cpp
  StringUtil.cpp
  正在生成代码...
  Framework.vcxproj -> E:\MyProject\2dScrollingGame\Framework\bin\x64\Debug\Framework.lib
