e:\myproject\2dscrollinggame\framework\bin\x64\release\framework.pdb
e:\myproject\2dscrollinggame\framework\build\x64\release\keyvaluefile.obj
e:\myproject\2dscrollinggame\framework\build\x64\release\csvfile.obj
e:\myproject\2dscrollinggame\framework\build\x64\release\debuglog.obj
e:\myproject\2dscrollinggame\framework\build\x64\release\keyvaluedata.obj
e:\myproject\2dscrollinggame\framework\build\x64\release\datautil.obj
e:\myproject\2dscrollinggame\framework\build\x64\release\csvdata.obj
e:\myproject\2dscrollinggame\framework\build\x64\release\collisionshape.obj
e:\myproject\2dscrollinggame\framework\build\x64\release\collisionmanager.obj
e:\myproject\2dscrollinggame\framework\build\x64\release\collider.obj
e:\myproject\2dscrollinggame\framework\build\x64\release\wavesound.obj
e:\myproject\2dscrollinggame\framework\build\x64\release\soundsource.obj
e:\myproject\2dscrollinggame\framework\build\x64\release\mp3sound.obj
e:\myproject\2dscrollinggame\framework\build\x64\release\assetwave.obj
e:\myproject\2dscrollinggame\framework\build\x64\release\assettexture.obj
e:\myproject\2dscrollinggame\framework\build\x64\release\assettext.obj
e:\myproject\2dscrollinggame\framework\build\x64\release\assetmp3.obj
e:\myproject\2dscrollinggame\framework\build\x64\release\assetmodel.obj
e:\myproject\2dscrollinggame\framework\build\x64\release\assetmanager.obj
e:\myproject\2dscrollinggame\framework\build\x64\release\asset.obj
e:\myproject\2dscrollinggame\framework\build\x64\release\animation.obj
e:\myproject\2dscrollinggame\framework\build\x64\release\depthtarget.obj
e:\myproject\2dscrollinggame\framework\build\x64\release\constantbuffer.obj
e:\myproject\2dscrollinggame\framework\build\x64\release\commandqueue.obj
e:\myproject\2dscrollinggame\framework\build\x64\release\commandlist.obj
e:\myproject\2dscrollinggame\framework\build\x64\release\sourcevoice.obj
e:\myproject\2dscrollinggame\framework\build\x64\release\audio.obj
e:\myproject\2dscrollinggame\framework\build\x64\release\time.obj
e:\myproject\2dscrollinggame\framework\build\x64\release\fpsmeasure.obj
e:\myproject\2dscrollinggame\framework\build\x64\release\shape.obj
e:\myproject\2dscrollinggame\framework\build\x64\release\texture.obj
e:\myproject\2dscrollinggame\framework\build\x64\release\spritefont.obj
e:\myproject\2dscrollinggame\framework\build\x64\release\sprite.obj
e:\myproject\2dscrollinggame\framework\build\x64\release\renderobject.obj
e:\myproject\2dscrollinggame\framework\build\x64\release\rendermanager.obj
e:\myproject\2dscrollinggame\framework\build\x64\release\linesegments.obj
e:\myproject\2dscrollinggame\framework\build\x64\release\idrawable.obj
e:\myproject\2dscrollinggame\framework\build\x64\release\font.obj
e:\myproject\2dscrollinggame\framework\build\x64\release\camera.obj
e:\myproject\2dscrollinggame\framework\build\x64\release\framework.obj
e:\myproject\2dscrollinggame\framework\build\x64\release\textfile.obj
e:\myproject\2dscrollinggame\framework\build\x64\release\stringutil.obj
e:\myproject\2dscrollinggame\framework\build\x64\release\log.obj
e:\myproject\2dscrollinggame\framework\build\x64\release\fileutil.obj
e:\myproject\2dscrollinggame\framework\build\x64\release\window.obj
e:\myproject\2dscrollinggame\framework\build\x64\release\input.obj
e:\myproject\2dscrollinggame\framework\build\x64\release\gamepad.obj
e:\myproject\2dscrollinggame\framework\build\x64\release\vector.obj
e:\myproject\2dscrollinggame\framework\build\x64\release\vertexbuffer.obj
e:\myproject\2dscrollinggame\framework\build\x64\release\texturesrv.obj
e:\myproject\2dscrollinggame\framework\build\x64\release\rootsignature.obj
e:\myproject\2dscrollinggame\framework\build\x64\release\resshader.obj
e:\myproject\2dscrollinggame\framework\build\x64\release\resmesh.obj
e:\myproject\2dscrollinggame\framework\build\x64\release\rendertarget.obj
e:\myproject\2dscrollinggame\framework\build\x64\release\pipelinestate.obj
e:\myproject\2dscrollinggame\framework\build\x64\release\meshib.obj
e:\myproject\2dscrollinggame\framework\build\x64\release\material.obj
e:\myproject\2dscrollinggame\framework\build\x64\release\indexbuffer.obj
e:\myproject\2dscrollinggame\framework\build\x64\release\graphics.obj
e:\myproject\2dscrollinggame\framework\build\x64\release\fence.obj
e:\myproject\2dscrollinggame\framework\build\x64\release\descriptorheap.obj
e:\myproject\2dscrollinggame\framework\bin\x64\release\ps_notex_nolit.cso
e:\myproject\2dscrollinggame\framework\bin\x64\release\ps_tex_nolit.cso
e:\myproject\2dscrollinggame\framework\bin\x64\release\vs_default.cso
e:\myproject\2dscrollinggame\framework\bin\x64\release\framework.lib
e:\myproject\2dscrollinggame\framework\build\x64\release\framework.tlog\cl.command.1.tlog
e:\myproject\2dscrollinggame\framework\build\x64\release\framework.tlog\cl.items.tlog
e:\myproject\2dscrollinggame\framework\build\x64\release\framework.tlog\cl.read.1.tlog
e:\myproject\2dscrollinggame\framework\build\x64\release\framework.tlog\cl.write.1.tlog
e:\myproject\2dscrollinggame\framework\build\x64\release\framework.tlog\fxc.command.1.tlog
e:\myproject\2dscrollinggame\framework\build\x64\release\framework.tlog\fxc.read.1.tlog
e:\myproject\2dscrollinggame\framework\build\x64\release\framework.tlog\fxc.write.1.tlog
e:\myproject\2dscrollinggame\framework\build\x64\release\framework.tlog\lib-link.read.1.tlog
e:\myproject\2dscrollinggame\framework\build\x64\release\framework.tlog\lib-link.write.1.tlog
e:\myproject\2dscrollinggame\framework\build\x64\release\framework.tlog\lib.command.1.tlog
