e:\myproject\2dscrollinggame\build\x64\debug\vc143.pdb
e:\myproject\2dscrollinggame\build\x64\debug\vc143.idb
e:\myproject\2dscrollinggame\build\x64\debug\animationcomponent.obj
e:\myproject\2dscrollinggame\build\x64\debug\statecomponent.obj
e:\myproject\2dscrollinggame\build\x64\debug\decisionlogicalcomponent.obj
e:\myproject\2dscrollinggame\build\x64\debug\component.obj
e:\myproject\2dscrollinggame\build\x64\debug\appletransformcomponent.obj
e:\myproject\2dscrollinggame\build\x64\debug\appletilemapsensorcomponent.obj
e:\myproject\2dscrollinggame\build\x64\debug\applephysicscomponent.obj
e:\myproject\2dscrollinggame\build\x64\debug\applemovementcomponent.obj
e:\myproject\2dscrollinggame\build\x64\debug\applecollisioncomponent.obj
e:\myproject\2dscrollinggame\build\x64\debug\appleanimationcomponent.obj
e:\myproject\2dscrollinggame\build\x64\debug\tilemap.obj
e:\myproject\2dscrollinggame\build\x64\debug\stagedatamst.obj
e:\myproject\2dscrollinggame\build\x64\debug\main.obj
e:\myproject\2dscrollinggame\build\x64\debug\gameplaydata.obj
e:\myproject\2dscrollinggame\build\x64\debug\slime.obj
e:\myproject\2dscrollinggame\build\x64\debug\skull.obj
e:\myproject\2dscrollinggame\build\x64\debug\onibi.obj
e:\myproject\2dscrollinggame\build\x64\debug\ghost.obj
e:\myproject\2dscrollinggame\build\x64\debug\enemy.obj
e:\myproject\2dscrollinggame\build\x64\debug\startgamevectorysemmsg.obj
e:\myproject\2dscrollinggame\build\x64\debug\goalcollisioncomponent.obj
e:\myproject\2dscrollinggame\build\x64\debug\goalanimationcomponent.obj
e:\myproject\2dscrollinggame\build\x64\debug\doortransformcomponent.obj
e:\myproject\2dscrollinggame\build\x64\debug\doorcollisioncomponent.obj
e:\myproject\2dscrollinggame\build\x64\debug\dooranimationcomponent.obj
e:\myproject\2dscrollinggame\build\x64\debug\tilemapsensorcomponent.obj
e:\myproject\2dscrollinggame\build\x64\debug\sensorlogicalcomponent.obj
e:\myproject\2dscrollinggame\build\x64\debug\groundsensorcomponent.obj
e:\myproject\2dscrollinggame\build\x64\debug\collisioncomponent.obj
e:\myproject\2dscrollinggame\build\x64\debug\ceilingsensorcomponent.obj
e:\myproject\2dscrollinggame\build\x64\debug\inputlogicalcomponent.obj
e:\myproject\2dscrollinggame\build\x64\debug\inputcomponent.obj
e:\myproject\2dscrollinggame\build\x64\debug\transformcomponent.obj
e:\myproject\2dscrollinggame\build\x64\debug\soundcomponent.obj
e:\myproject\2dscrollinggame\build\x64\debug\physicscomponent.obj
e:\myproject\2dscrollinggame\build\x64\debug\movementcomponent.obj
e:\myproject\2dscrollinggame\build\x64\debug\healthcomponent.obj
e:\myproject\2dscrollinggame\build\x64\debug\executorcomponent.obj
e:\myproject\2dscrollinggame\build\x64\debug\equipmentcomponent.obj
e:\myproject\2dscrollinggame\build\x64\debug\combatstatuscomponent.obj
e:\myproject\2dscrollinggame\build\x64\debug\katanacollisioncomponent.obj
e:\myproject\2dscrollinggame\build\x64\debug\katanatransformcomponent.obj
e:\myproject\2dscrollinggame\build\x64\debug\katanasoundcomponent.obj
e:\myproject\2dscrollinggame\build\x64\debug\katanaanimationcomponent.obj
e:\myproject\2dscrollinggame\build\x64\debug\ironspiketransformcomponent.obj
e:\myproject\2dscrollinggame\build\x64\debug\ironspikecollisioncomponent.obj
e:\myproject\2dscrollinggame\build\x64\debug\ironspikeanimationcomponent.obj
e:\myproject\2dscrollinggame\build\x64\debug\droppedswordtransformcomponent.obj
e:\myproject\2dscrollinggame\build\x64\debug\droppedswordtilemapsensorcomponent.obj
e:\myproject\2dscrollinggame\build\x64\debug\droppedswordphysicscomponent.obj
e:\myproject\2dscrollinggame\build\x64\debug\droppedswordmovementcomponent.obj
e:\myproject\2dscrollinggame\build\x64\debug\droppedswordcollisioncomponent.obj
e:\myproject\2dscrollinggame\build\x64\debug\droppedswordanimationcomponent.obj
e:\myproject\2dscrollinggame\build\x64\debug\droppedkatanatransformcomponent.obj
e:\myproject\2dscrollinggame\build\x64\debug\droppedkatanatilemapsensorcomponent.obj
e:\myproject\2dscrollinggame\build\x64\debug\droppedkatanaphysicscomponent.obj
e:\myproject\2dscrollinggame\build\x64\debug\droppedkatanamovementcomponent.obj
e:\myproject\2dscrollinggame\build\x64\debug\droppedkatanacollisioncomponent.obj
e:\myproject\2dscrollinggame\build\x64\debug\droppedkatanaanimationcomponent.obj
e:\myproject\2dscrollinggame\build\x64\debug\goaltransformcomponent.obj
e:\myproject\2dscrollinggame\build\x64\debug\droppedobjectpool.obj
e:\myproject\2dscrollinggame\build\x64\debug\droppedobjectmng.obj
e:\myproject\2dscrollinggame\build\x64\debug\swordcollisioncomponent.obj
e:\myproject\2dscrollinggame\build\x64\debug\swordtransformcomponent.obj
e:\myproject\2dscrollinggame\build\x64\debug\swordsoundcomponent.obj
e:\myproject\2dscrollinggame\build\x64\debug\swordanimationcomponent.obj
e:\myproject\2dscrollinggame\build\x64\debug\playertilemapsensorcomponent.obj
e:\myproject\2dscrollinggame\build\x64\debug\playergroundsensorcomponent.obj
e:\myproject\2dscrollinggame\build\x64\debug\playercollisioncomponent.obj
e:\myproject\2dscrollinggame\build\x64\debug\playerceilingsensorcomponent.obj
e:\myproject\2dscrollinggame\build\x64\debug\playerinputcomponent.obj
e:\myproject\2dscrollinggame\build\x64\debug\playertransformcomponent.obj
e:\myproject\2dscrollinggame\build\x64\debug\playersoundcomponent.obj
e:\myproject\2dscrollinggame\build\x64\debug\playerphysicscomponent.obj
e:\myproject\2dscrollinggame\build\x64\debug\playermovementcomponent.obj
e:\myproject\2dscrollinggame\build\x64\debug\playerhealthcomponent.obj
e:\myproject\2dscrollinggame\build\x64\debug\playerequipmentcomponent.obj
e:\myproject\2dscrollinggame\build\x64\debug\playercombatstatuscomponent.obj
e:\myproject\2dscrollinggame\build\x64\debug\playeranimationcomponent.obj
e:\myproject\2dscrollinggame\build\x64\debug\playerstatecomponent.obj
e:\myproject\2dscrollinggame\build\x64\debug\enddashsemmsg.obj
e:\myproject\2dscrollinggame\build\x64\debug\startdropweaponsemmsg.obj
e:\myproject\2dscrollinggame\build\x64\debug\message.obj
e:\myproject\2dscrollinggame\build\x64\debug\switchweaponinputmsg.obj
e:\myproject\2dscrollinggame\build\x64\debug\releasejumpinputmsg.obj
e:\myproject\2dscrollinggame\build\x64\debug\jumpinputmsg.obj
e:\myproject\2dscrollinggame\build\x64\debug\interactinputmsg.obj
e:\myproject\2dscrollinggame\build\x64\debug\horiaxisinputmsg.obj
e:\myproject\2dscrollinggame\build\x64\debug\dropweaponinput.obj
e:\myproject\2dscrollinggame\build\x64\debug\dashinputmsg.obj
e:\myproject\2dscrollinggame\build\x64\debug\attackinputmsg.obj
e:\myproject\2dscrollinggame\build\x64\debug\swordanimationkeyframemsg.obj
e:\myproject\2dscrollinggame\build\x64\debug\swordanimationcompletedmsg.obj
e:\myproject\2dscrollinggame\build\x64\debug\swordanimationbeginmsg.obj
e:\myproject\2dscrollinggame\build\x64\debug\katanaanimationkeyframemsg.obj
e:\myproject\2dscrollinggame\build\x64\debug\katanaanimationcompletedmsg.obj
e:\myproject\2dscrollinggame\build\x64\debug\katanaanimationbeginmsg.obj
e:\myproject\2dscrollinggame\build\x64\debug\messagebus.obj
e:\myproject\2dscrollinggame\build\x64\debug\enemypool.obj
e:\myproject\2dscrollinggame\build\x64\debug\enemymng.obj
e:\myproject\2dscrollinggame\build\x64\debug\detachableobject.obj
e:\myproject\2dscrollinggame\build\x64\debug\characterobject.obj
e:\myproject\2dscrollinggame\build\x64\debug\gamemath.obj
e:\myproject\2dscrollinggame\build\x64\debug\messenger.obj
e:\myproject\2dscrollinggame\build\x64\debug\setisdeadconditionmsg.obj
e:\myproject\2dscrollinggame\build\x64\debug\setisdamagedconditionmsg.obj
e:\myproject\2dscrollinggame\build\x64\debug\setisclearconditionmsg.obj
e:\myproject\2dscrollinggame\build\x64\debug\enteridlestatemsg.obj
e:\myproject\2dscrollinggame\build\x64\debug\stopjumpsemmsg.obj
e:\myproject\2dscrollinggame\build\x64\debug\startswitchweaponsemmsg.obj
e:\myproject\2dscrollinggame\build\x64\debug\startstageclearsemmsg.obj
e:\myproject\2dscrollinggame\build\x64\debug\startmovesemmsg.obj
e:\myproject\2dscrollinggame\build\x64\debug\startknockbacksemmsg.obj
e:\myproject\2dscrollinggame\build\x64\debug\startjumpsemmsg.obj
e:\myproject\2dscrollinggame\build\x64\debug\startinteractsemmsg.obj
e:\myproject\2dscrollinggame\build\x64\debug\startidlesemmsg.obj
e:\myproject\2dscrollinggame\build\x64\debug\starthurtsemmsg.obj
e:\myproject\2dscrollinggame\build\x64\debug\startdashsemmsg.obj
e:\myproject\2dscrollinggame\build\x64\debug\startattacksemmsg.obj
e:\myproject\2dscrollinggame\build\x64\debug\endknockbacksemmsg.obj
e:\myproject\2dscrollinggame\build\x64\debug\sceneingame.obj
e:\myproject\2dscrollinggame\build\x64\debug\scenegameover.obj
e:\myproject\2dscrollinggame\build\x64\debug\scenegameclear.obj
e:\myproject\2dscrollinggame\build\x64\debug\scene.obj
e:\myproject\2dscrollinggame\build\x64\debug\scenemng.obj
e:\myproject\2dscrollinggame\build\x64\debug\player.obj
e:\myproject\2dscrollinggame\build\x64\debug\frameworkphysicsinputadapter.obj
e:\myproject\2dscrollinggame\build\x64\debug\ironspike.obj
e:\myproject\2dscrollinggame\build\x64\debug\goal.obj
e:\myproject\2dscrollinggame\build\x64\debug\door.obj
e:\myproject\2dscrollinggame\build\x64\debug\staticobject.obj
e:\myproject\2dscrollinggame\build\x64\debug\gameobject.obj
e:\myproject\2dscrollinggame\build\x64\debug\weapon.obj
e:\myproject\2dscrollinggame\build\x64\debug\sword.obj
e:\myproject\2dscrollinggame\build\x64\debug\katana.obj
e:\myproject\2dscrollinggame\build\x64\debug\equipment.obj
e:\myproject\2dscrollinggame\build\x64\debug\droppedsword.obj
e:\myproject\2dscrollinggame\build\x64\debug\droppedobject.obj
e:\myproject\2dscrollinggame\build\x64\debug\droppedkatana.obj
e:\myproject\2dscrollinggame\build\x64\debug\apple.obj
e:\myproject\2dscrollinggame\build\x64\debug\playerairstate.obj
e:\myproject\2dscrollinggame\build\x64\debug\playeridlestate.obj
e:\myproject\2dscrollinggame\build\x64\debug\playerdeadstate.obj
e:\myproject\2dscrollinggame\build\x64\debug\playerdashstate.obj
e:\myproject\2dscrollinggame\build\x64\debug\playerdamagedstate.obj
e:\myproject\2dscrollinggame\build\x64\debug\playerattackstate.obj
e:\myproject\2dscrollinggame\build\x64\debug\statemachine.obj
e:\myproject\2dscrollinggame\build\x64\debug\innerstatemachine.obj
e:\myproject\2dscrollinggame\build\x64\debug\orcondition.obj
e:\myproject\2dscrollinggame\build\x64\debug\operatorcondition.obj
e:\myproject\2dscrollinggame\build\x64\debug\notcondition.obj
e:\myproject\2dscrollinggame\build\x64\debug\leafcondition.obj
e:\myproject\2dscrollinggame\build\x64\debug\intcondition.obj
e:\myproject\2dscrollinggame\build\x64\debug\floatcondition.obj
e:\myproject\2dscrollinggame\build\x64\debug\boolcondition.obj
e:\myproject\2dscrollinggame\build\x64\debug\compositecondition.obj
e:\myproject\2dscrollinggame\build\x64\debug\andcondition.obj
e:\myproject\2dscrollinggame\build\x64\debug\linesensor.obj
e:\myproject\2dscrollinggame\build\x64\debug\scenetitle.obj
e:\myproject\2dscrollinggame\build\x64\debug\sceneintroduction.obj
e:\myproject\2dscrollinggame\build\x64\debug\world.obj
e:\myproject\2dscrollinggame\build\x64\debug\uimng.obj
e:\myproject\2dscrollinggame\build\x64\debug\uielement.obj
e:\myproject\2dscrollinggame\build\x64\debug\hpgauge2.obj
e:\myproject\2dscrollinggame\build\x64\debug\hpgauge.obj
e:\myproject\2dscrollinggame\build\x64\debug\timer.obj
e:\myproject\2dscrollinggame\build\x64\debug\staticobjectpool.obj
e:\myproject\2dscrollinggame\build\x64\debug\staticobjectmng.obj
e:\myproject\2dscrollinggame\build\x64\debug\transition.obj
e:\myproject\2dscrollinggame\build\x64\debug\state.obj
e:\myproject\2dscrollinggame\build\x64\debug\playerstate.obj
e:\myproject\2dscrollinggame\build\x64\debug\playerstageclearstate.obj
e:\myproject\2dscrollinggame\build\x64\debug\playermovingstate.obj
e:\myproject\2dscrollinggame\build\x64\debug\playermotionstate.obj
e:\myproject\2dscrollinggame\実行ファイル\debug(x64)\game.exe
e:\myproject\2dscrollinggame\実行ファイル\debug(x64)\game.pdb
e:\myproject\2dscrollinggame\build\x64\debug\game.ilk
e:\myproject\2dscrollinggame\build\x64\debug\game.tlog\cl.command.1.tlog
e:\myproject\2dscrollinggame\build\x64\debug\game.tlog\cl.items.tlog
e:\myproject\2dscrollinggame\build\x64\debug\game.tlog\cl.read.1.tlog
e:\myproject\2dscrollinggame\build\x64\debug\game.tlog\cl.write.1.tlog
e:\myproject\2dscrollinggame\build\x64\debug\game.tlog\link.command.1.tlog
e:\myproject\2dscrollinggame\build\x64\debug\game.tlog\link.read.1.tlog
e:\myproject\2dscrollinggame\build\x64\debug\game.tlog\link.secondary.1.tlog
e:\myproject\2dscrollinggame\build\x64\debug\game.tlog\link.write.1.tlog
